<?xml version="1.0" encoding="UTF-8"?>
<testng-results skipped="0" failed="0" ignored="0" total="1" passed="1">
  <reporter-output>
  </reporter-output>
  <suite name="Default suite" duration-ms="15656" started-at="2019-07-06T18:26:01Z" finished-at="2019-07-06T18:26:16Z">
    <groups>
    </groups>
    <test name="Default test" duration-ms="15656" started-at="2019-07-06T18:26:01Z" finished-at="2019-07-06T18:26:16Z">
      <class name="com.pages.Demo">
        <test-method status="PASS" signature="openbrowser()[pri:0, instance:com.pages.Demo@1593948d]" name="openbrowser" duration-ms="15619" started-at="2019-07-06T18:26:01Z" finished-at="2019-07-06T18:26:16Z">
          <reporter-output>
          </reporter-output>
        </test-method> <!-- openbrowser -->
      </class> <!-- com.pages.Demo -->
    </test> <!-- Default test -->
  </suite> <!-- Default suite -->
</testng-results>
